<?xml version="1.0" encoding="UTF-8"?>
<testng-results skipped="0" failed="0" total="1" passed="1">
  <reporter-output>
  </reporter-output>
  <suite name="ThinkLandInterfaceTest" duration-ms="9873" started-at="2016-09-27T08:37:21Z" finished-at="2016-09-27T08:37:30Z">
    <groups>
    </groups>
    <test name="TOP20接口测试" duration-ms="9873" started-at="2016-09-27T08:37:21Z" finished-at="2016-09-27T08:37:30Z">
      <class name="com.thinkland.test.MainTest">
        <test-method status="PASS" signature="beforeClass(java.lang.String)[pri:0, instance:com.thinkland.test.MainTest@1d057a39]" name="beforeClass" is-config="true" duration-ms="12" started-at="2016-09-27T16:37:21Z" finished-at="2016-09-27T16:37:21Z">
          <params>
            <param index="0">
              <value>
                <![CDATA[phone]]>
              </value>
            </param>
          </params>
          <reporter-output>
          </reporter-output>
        </test-method> <!-- beforeClass -->
        <test-method status="PASS" signature="setup(java.lang.reflect.Method)[pri:0, instance:com.thinkland.test.MainTest@1d057a39]" name="setup" is-config="true" duration-ms="2" started-at="2016-09-27T16:37:21Z" finished-at="2016-09-27T16:37:21Z">
          <params>
            <param index="0">
              <value>
                <![CDATA[public void com.thinkland.test.MainTest.commonInterface()]]>
              </value>
            </param>
          </params>
          <reporter-output>
          </reporter-output>
        </test-method> <!-- setup -->
        <test-method status="PASS" signature="commonInterface()[pri:0, instance:com.thinkland.test.MainTest@1d057a39]" name="commonInterface" duration-ms="9828" started-at="2016-09-27T16:37:21Z" finished-at="2016-09-27T16:37:30Z">
          <reporter-output>
          </reporter-output>
        </test-method> <!-- commonInterface -->
        <test-method status="PASS" signature="tearDown()[pri:0, instance:com.thinkland.test.MainTest@1d057a39]" name="tearDown" is-config="true" duration-ms="0" started-at="2016-09-27T16:37:30Z" finished-at="2016-09-27T16:37:30Z">
          <reporter-output>
          </reporter-output>
        </test-method> <!-- tearDown -->
      </class> <!-- com.thinkland.test.MainTest -->
    </test> <!-- TOP20接口测试 -->
  </suite> <!-- ThinkLandInterfaceTest -->
</testng-results>
